Flutter crash report.
Please report a bug at https://github.com/flutter/flutter/issues.

## command

flutter run

## exception

StateError: Bad state: No element

```
```

## flutter doctor

```
[32m[✓][39m Flutter (Channel stable, 3.32.5, on Microsoft Windows [Version 10.0.22621.4317], locale en-US) [725ms]
    [32m•[39m Flutter version 3.32.5 on channel stable at C:\Users\123\Downloads\flutter_windows_3.29.0-stable\flutter
    [32m•[39m Upstream repository https://github.com/flutter/flutter.git
    [32m•[39m Framework revision fcf2c11572 (7 days ago), 2025-06-24 11:44:07 -0700
    [32m•[39m Engine revision dd93de6fb1
    [32m•[39m Dart version 3.8.1
    [32m•[39m DevTools version 2.45.1

[32m[✓][39m Windows Version (11 Pro 64-bit, 22H2, 2009) [2.6s]

[32m[✓][39m Android toolchain - develop for Android devices (Android SDK version 35.0.1) [6.6s]
    [32m•[39m Android SDK at C:\Users\123\AppData\Local\Android\sdk
    [32m•[39m Platform android-35, build-tools 35.0.1
    [32m•[39m Java binary at: C:\Program Files\Android\Android Studio\jbr\bin\java
      This is the JDK bundled with the latest Android Studio installation on this machine.
      To manually set the JDK path, use: `flutter config --jdk-dir="path/to/jdk"`.
    [32m•[39m Java version OpenJDK Runtime Environment (build 21.0.6+-13355223-b631.42)
    [32m•[39m All Android licenses accepted.

[32m[✓][39m Chrome - develop for the web [190ms]
    [32m•[39m Chrome at C:\Program Files\Google\Chrome\Application\chrome.exe

[32m[✓][39m Visual Studio - develop Windows apps (Visual Studio Build Tools 2019 16.11.44) [188ms]
    [32m•[39m Visual Studio at C:\Program Files (x86)\Microsoft Visual Studio\2019\BuildTools
    [32m•[39m Visual Studio Build Tools 2019 version 16.11.35731.53
    [32m•[39m Windows 10 SDK version 10.0.19041.0

[32m[✓][39m Android Studio (version 2024.3) [16ms]
    [32m•[39m Android Studio at C:\Program Files\Android\Android Studio
    [32m•[39m Flutter plugin can be installed from:
      🔨 https://plugins.jetbrains.com/plugin/9212-flutter
    [32m•[39m Dart plugin can be installed from:
      🔨 https://plugins.jetbrains.com/plugin/6351-dart
    [32m•[39m Java version OpenJDK Runtime Environment (build 21.0.6+-13355223-b631.42)

[32m[✓][39m VS Code (version 1.101.2) [11ms]
    [32m•[39m VS Code at C:\Users\123\AppData\Local\Programs\Microsoft VS Code
    [32m•[39m Flutter extension version 3.114.0

[32m[✓][39m Connected device (3 available) [169ms]
    [32m•[39m Windows (desktop) • windows • windows-x64    • Microsoft Windows [Version 10.0.22621.4317]
    [32m•[39m Chrome (web)      • chrome  • web-javascript • Google Chrome 138.0.7204.49
    [32m•[39m Edge (web)        • edge    • web-javascript • Microsoft Edge 138.0.3351.55

[32m[✓][39m Network resources [956ms]
    [32m•[39m All expected network resources are available.

[32m•[39m No issues found!
```
